<?xml version="1.0" encoding="UTF-8"?>
<testsuite xmlns:xsi="http://www.w3.org/2001/XMLSchema-instance" xsi:noNamespaceSchemaLocation="https://maven.apache.org/surefire/maven-surefire-plugin/xsd/surefire-test-report.xsd" version="3.0.2" name="com.mycompany.w11_ktpm_unittestwithmaven.RationalTest" time="0.163" tests="10" errors="0" skipped="0" failures="0">
  <properties>
[...]
</properties>
  <testcase name="testValidConstructorAndSimplestForm" classname="com.mycompany.w11_ktpm_unittestwithmaven.RationalTest" time="0.045"/>
  <testcase name="testAdd" classname="com.mycompany.w11_ktpm_unittestwithmaven.RationalTest" time="0.004"/>
  <testcase name="testSubtract" classname="com.mycompany.w11_ktpm_unittestwithmaven.RationalTest" time="0.002"/>
  <testcase name="testToString" classname="com.mycompany.w11_ktpm_unittestwithmaven.RationalTest" time="0.013"/>
  <testcase name="testZeroDenominatorException" classname="com.mycompany.w11_ktpm_unittestwithmaven.RationalTest" time="0.004"/>
  <testcase name="testCompareTo" classname="com.mycompany.w11_ktpm_unittestwithmaven.RationalTest" time="0.003"/>
  <testcase name="testDivide" classname="com.mycompany.w11_ktpm_unittestwithmaven.RationalTest" time="0.004"/>
  <testcase name="testEquals" classname="com.mycompany.w11_ktpm_unittestwithmaven.RationalTest" time="0.002"/>
  <testcase name="testMultiply" classname="com.mycompany.w11_ktpm_unittestwithmaven.RationalTest" time="0.002"/>
  <testcase name="testDefaultConstructor" classname="com.mycompany.w11_ktpm_unittestwithmaven.RationalTest" time="0.001"/>
</testsuite>